<?xml version="1.0" encoding="UTF-8"?>
<!-- Generated by org.testng.reporters.JUnitReportReporter -->
<testsuite hostname="Dhairya" failures="0" tests="5" name="com.mysauce.testcases.TClogin" time="24.636" errors="0" timestamp="2024-03-15T17:41:09 IST" skipped="0">
  <testcase classname="com.mysauce.testcases.TClogin" name="verifyvalidlogintest" time="21.303"/>
  <testcase classname="com.mysauce.testcases.TClogin" name="verifylockedoutusertest" time="1.713"/>
  <testcase classname="com.mysauce.testcases.TClogin" name="verifyinvalidcredentailtest" time="0.636"/>
  <testcase classname="com.mysauce.testcases.TClogin" name="verifyusernamerequiredtest" time="0.401"/>
  <testcase classname="com.mysauce.testcases.TClogin" name="verifypasswordrequiredtest" time="0.583"/>
</testsuite> <!-- com.mysauce.testcases.TClogin -->
